This file contains any messages produced by compilers while
running configure, to aid debugging if configure makes a mistake.

It was created by QAT configure 1.7, which was
generated by GNU Autoconf 2.69.  Invocation command line was

  $ ./configure --enable-icp-sriov=host

## --------- ##
## Platform. ##
## --------- ##

hostname = hpnvme1
uname -m = x86_64
uname -r = 3.10.0-862.14.4.el7.x86_64
uname -s = Linux
uname -v = #1 SMP Wed Sep 26 15:12:11 UTC 2018

/usr/bin/uname -p = x86_64
/bin/uname -X     = unknown

/bin/arch              = x86_64
/usr/bin/arch -k       = unknown
/usr/convex/getsysinfo = unknown
/usr/bin/hostinfo      = unknown
/bin/machine           = unknown
/usr/bin/oslevel       = unknown
/bin/universe          = unknown

PATH: /usr/lib64/qt-3.3/bin
PATH: /root/perl5/bin
PATH: /usr/local/sbin
PATH: /usr/local/bin
PATH: /usr/sbin
PATH: /usr/bin
PATH: /root/bin


## ----------- ##
## Core tests. ##
## ----------- ##

configure:3002: checking for a BSD-compatible install
configure:3070: result: /usr/bin/install -c
configure:3081: checking whether build environment is sane
configure:3136: result: yes
configure:3287: checking for a thread-safe mkdir -p
configure:3326: result: /usr/bin/mkdir -p
configure:3333: checking for gawk
configure:3349: found /usr/bin/gawk
configure:3360: result: gawk
configure:3371: checking whether make sets $(MAKE)
configure:3393: result: yes
configure:3422: checking whether make supports nested variables
configure:3439: result: yes
configure:3566: checking whether to enable maintainer-specific portions of Makefiles
configure:3575: result: no
configure:3603: checking for gawk
configure:3630: result: gawk
configure:3699: checking for g++
configure:3715: found /usr/bin/g++
configure:3726: result: g++
configure:3753: checking for C++ compiler version
configure:3762: g++ --version >&5
g++ (GCC) 4.8.5 20150623 (Red Hat 4.8.5-28)
Copyright (C) 2015 Free Software Foundation, Inc.
This is free software; see the source for copying conditions.  There is NO
warranty; not even for MERCHANTABILITY or FITNESS FOR A PARTICULAR PURPOSE.

configure:3773: $? = 0
configure:3762: g++ -v >&5
Using built-in specs.
COLLECT_GCC=g++
COLLECT_LTO_WRAPPER=/usr/libexec/gcc/x86_64-redhat-linux/4.8.5/lto-wrapper
Target: x86_64-redhat-linux
Configured with: ../configure --prefix=/usr --mandir=/usr/share/man --infodir=/usr/share/info --with-bugurl=http://bugzilla.redhat.com/bugzilla --enable-bootstrap --enable-shared --enable-threads=posix --enable-checking=release --with-system-zlib --enable-__cxa_atexit --disable-libunwind-exceptions --enable-gnu-unique-object --enable-linker-build-id --with-linker-hash-style=gnu --enable-languages=c,c++,objc,obj-c++,java,fortran,ada,go,lto --enable-plugin --enable-initfini-array --disable-libgcj --with-isl=/builddir/build/BUILD/gcc-4.8.5-20150702/obj-x86_64-redhat-linux/isl-install --with-cloog=/builddir/build/BUILD/gcc-4.8.5-20150702/obj-x86_64-redhat-linux/cloog-install --enable-gnu-indirect-function --with-tune=generic --with-arch_32=x86-64 --build=x86_64-redhat-linux
Thread model: posix
gcc version 4.8.5 20150623 (Red Hat 4.8.5-28) (GCC) 
configure:3773: $? = 0
configure:3762: g++ -V >&5
g++: error: unrecognized command line option '-V'
g++: fatal error: no input files
compilation terminated.
configure:3773: $? = 4
configure:3762: g++ -qversion >&5
g++: error: unrecognized command line option '-qversion'
g++: fatal error: no input files
compilation terminated.
configure:3773: $? = 4
configure:3793: checking whether the C++ compiler works
configure:3815: g++    conftest.cpp  >&5
configure:3819: $? = 0
configure:3867: result: yes
configure:3870: checking for C++ compiler default output file name
configure:3872: result: a.out
configure:3878: checking for suffix of executables
configure:3885: g++ -o conftest    conftest.cpp  >&5
configure:3889: $? = 0
configure:3911: result: 
configure:3933: checking whether we are cross compiling
configure:3941: g++ -o conftest    conftest.cpp  >&5
configure:3945: $? = 0
configure:3952: ./conftest
configure:3956: $? = 0
configure:3971: result: no
configure:3976: checking for suffix of object files
configure:3998: g++ -c   conftest.cpp >&5
configure:4002: $? = 0
configure:4023: result: o
configure:4027: checking whether we are using the GNU C++ compiler
configure:4046: g++ -c   conftest.cpp >&5
configure:4046: $? = 0
configure:4055: result: yes
configure:4064: checking whether g++ accepts -g
configure:4084: g++ -c -g  conftest.cpp >&5
configure:4084: $? = 0
configure:4125: result: yes
configure:4159: checking for style of include used by make
configure:4187: result: GNU
configure:4213: checking dependency style of g++
configure:4324: result: none
configure:4393: checking for cc
configure:4409: found /usr/bin/cc
configure:4420: result: cc
configure:4451: checking for C compiler version
configure:4460: cc --version >&5
cc (GCC) 4.8.5 20150623 (Red Hat 4.8.5-28)
Copyright (C) 2015 Free Software Foundation, Inc.
This is free software; see the source for copying conditions.  There is NO
warranty; not even for MERCHANTABILITY or FITNESS FOR A PARTICULAR PURPOSE.

configure:4471: $? = 0
configure:4460: cc -v >&5
Using built-in specs.
COLLECT_GCC=cc
COLLECT_LTO_WRAPPER=/usr/libexec/gcc/x86_64-redhat-linux/4.8.5/lto-wrapper
Target: x86_64-redhat-linux
Configured with: ../configure --prefix=/usr --mandir=/usr/share/man --infodir=/usr/share/info --with-bugurl=http://bugzilla.redhat.com/bugzilla --enable-bootstrap --enable-shared --enable-threads=posix --enable-checking=release --with-system-zlib --enable-__cxa_atexit --disable-libunwind-exceptions --enable-gnu-unique-object --enable-linker-build-id --with-linker-hash-style=gnu --enable-languages=c,c++,objc,obj-c++,java,fortran,ada,go,lto --enable-plugin --enable-initfini-array --disable-libgcj --with-isl=/builddir/build/BUILD/gcc-4.8.5-20150702/obj-x86_64-redhat-linux/isl-install --with-cloog=/builddir/build/BUILD/gcc-4.8.5-20150702/obj-x86_64-redhat-linux/cloog-install --enable-gnu-indirect-function --with-tune=generic --with-arch_32=x86-64 --build=x86_64-redhat-linux
Thread model: posix
gcc version 4.8.5 20150623 (Red Hat 4.8.5-28) (GCC) 
configure:4471: $? = 0
configure:4460: cc -V >&5
cc: error: unrecognized command line option '-V'
cc: fatal error: no input files
compilation terminated.
configure:4471: $? = 4
configure:4460: cc -qversion >&5
cc: error: unrecognized command line option '-qversion'
cc: fatal error: no input files
compilation terminated.
configure:4471: $? = 4
configure:4475: checking whether we are using the GNU C compiler
configure:4494: cc -c   conftest.c >&5
configure:4494: $? = 0
configure:4503: result: yes
configure:4512: checking whether cc accepts -g
configure:4532: cc -c -g  conftest.c >&5
configure:4532: $? = 0
configure:4573: result: yes
configure:4590: checking for cc option to accept ISO C89
configure:4653: cc  -c   conftest.c >&5
configure:4653: $? = 0
configure:4666: result: none needed
configure:4691: checking whether cc understands -c and -o together
configure:4713: cc -c conftest.c -o conftest2.o
configure:4716: $? = 0
configure:4713: cc -c conftest.c -o conftest2.o
configure:4716: $? = 0
configure:4728: result: yes
configure:4747: checking dependency style of cc
configure:4858: result: none
configure:4874: checking whether ln -s works
configure:4878: result: yes
configure:4885: checking whether make sets $(MAKE)
configure:4907: result: yes
configure:4972: checking for pkg-config
configure:4990: found /usr/bin/pkg-config
configure:5002: result: /usr/bin/pkg-config
configure:5027: checking pkg-config is at least version 0.9.0
configure:5030: result: yes
configure:5068: checking for C compiler vendor
configure:5115: cc -c   conftest.c >&5
conftest.c: In function 'main':
conftest.c:17:9: error: 'thisisanerror' undeclared (first use in this function)
         thisisanerror;
         ^
conftest.c:17:9: note: each undeclared identifier is reported only once for each function it appears in
configure:5115: $? = 1
configure: failed program was:
| /* confdefs.h */
| #define PACKAGE_NAME "QAT"
| #define PACKAGE_TARNAME "qat"
| #define PACKAGE_VERSION "1.7"
| #define PACKAGE_STRING "QAT 1.7"
| #define PACKAGE_BUGREPORT "qat-linux@intel.com"
| #define PACKAGE_URL ""
| #define PACKAGE "qat"
| #define VERSION "1.7"
| /* end confdefs.h.  */
| 
| int
| main ()
| {
| 
|       #if !(defined(__ICC) || defined(__ECC) || defined(__INTEL_COMPILER))
|         thisisanerror;
|       #endif
| 
|   ;
|   return 0;
| }
configure:5115: cc -c   conftest.c >&5
conftest.c: In function 'main':
conftest.c:17:9: error: 'thisisanerror' undeclared (first use in this function)
         thisisanerror;
         ^
conftest.c:17:9: note: each undeclared identifier is reported only once for each function it appears in
configure:5115: $? = 1
configure: failed program was:
| /* confdefs.h */
| #define PACKAGE_NAME "QAT"
| #define PACKAGE_TARNAME "qat"
| #define PACKAGE_VERSION "1.7"
| #define PACKAGE_STRING "QAT 1.7"
| #define PACKAGE_BUGREPORT "qat-linux@intel.com"
| #define PACKAGE_URL ""
| #define PACKAGE "qat"
| #define VERSION "1.7"
| /* end confdefs.h.  */
| 
| int
| main ()
| {
| 
|       #if !(defined(__xlc__) || defined(__xlC__) || defined(__IBMC__) || defined(__IBMCPP__))
|         thisisanerror;
|       #endif
| 
|   ;
|   return 0;
| }
configure:5115: cc -c   conftest.c >&5
conftest.c: In function 'main':
conftest.c:17:9: error: 'thisisanerror' undeclared (first use in this function)
         thisisanerror;
         ^
conftest.c:17:9: note: each undeclared identifier is reported only once for each function it appears in
configure:5115: $? = 1
configure: failed program was:
| /* confdefs.h */
| #define PACKAGE_NAME "QAT"
| #define PACKAGE_TARNAME "qat"
| #define PACKAGE_VERSION "1.7"
| #define PACKAGE_STRING "QAT 1.7"
| #define PACKAGE_BUGREPORT "qat-linux@intel.com"
| #define PACKAGE_URL ""
| #define PACKAGE "qat"
| #define VERSION "1.7"
| /* end confdefs.h.  */
| 
| int
| main ()
| {
| 
|       #if !(defined(__PATHCC__) || defined(__PATHSCALE__))
|         thisisanerror;
|       #endif
| 
|   ;
|   return 0;
| }
configure:5115: cc -c   conftest.c >&5
conftest.c: In function 'main':
conftest.c:17:9: error: 'thisisanerror' undeclared (first use in this function)
         thisisanerror;
         ^
conftest.c:17:9: note: each undeclared identifier is reported only once for each function it appears in
configure:5115: $? = 1
configure: failed program was:
| /* confdefs.h */
| #define PACKAGE_NAME "QAT"
| #define PACKAGE_TARNAME "qat"
| #define PACKAGE_VERSION "1.7"
| #define PACKAGE_STRING "QAT 1.7"
| #define PACKAGE_BUGREPORT "qat-linux@intel.com"
| #define PACKAGE_URL ""
| #define PACKAGE "qat"
| #define VERSION "1.7"
| /* end confdefs.h.  */
| 
| int
| main ()
| {
| 
|       #if !(defined(__clang__))
|         thisisanerror;
|       #endif
| 
|   ;
|   return 0;
| }
configure:5115: cc -c   conftest.c >&5
conftest.c: In function 'main':
conftest.c:17:9: error: 'thisisanerror' undeclared (first use in this function)
         thisisanerror;
         ^
conftest.c:17:9: note: each undeclared identifier is reported only once for each function it appears in
configure:5115: $? = 1
configure: failed program was:
| /* confdefs.h */
| #define PACKAGE_NAME "QAT"
| #define PACKAGE_TARNAME "qat"
| #define PACKAGE_VERSION "1.7"
| #define PACKAGE_STRING "QAT 1.7"
| #define PACKAGE_BUGREPORT "qat-linux@intel.com"
| #define PACKAGE_URL ""
| #define PACKAGE "qat"
| #define VERSION "1.7"
| /* end confdefs.h.  */
| 
| int
| main ()
| {
| 
|       #if !(defined(_CRAYC))
|         thisisanerror;
|       #endif
| 
|   ;
|   return 0;
| }
configure:5115: cc -c   conftest.c >&5
conftest.c: In function 'main':
conftest.c:17:9: error: 'thisisanerror' undeclared (first use in this function)
         thisisanerror;
         ^
conftest.c:17:9: note: each undeclared identifier is reported only once for each function it appears in
configure:5115: $? = 1
configure: failed program was:
| /* confdefs.h */
| #define PACKAGE_NAME "QAT"
| #define PACKAGE_TARNAME "qat"
| #define PACKAGE_VERSION "1.7"
| #define PACKAGE_STRING "QAT 1.7"
| #define PACKAGE_BUGREPORT "qat-linux@intel.com"
| #define PACKAGE_URL ""
| #define PACKAGE "qat"
| #define VERSION "1.7"
| /* end confdefs.h.  */
| 
| int
| main ()
| {
| 
|       #if !(defined(__FUJITSU))
|         thisisanerror;
|       #endif
| 
|   ;
|   return 0;
| }
configure:5115: cc -c   conftest.c >&5
configure:5115: $? = 0
configure:5123: result: gnu
configure:5126: checking for a sed that does not truncate output
configure:5190: result: /usr/bin/sed
configure:5197: checking for C compiler version
configure:5419: cc -o conftest    conftest.c  >&5
configure:5419: $? = 0
configure:5419: ./conftest
configure:5419: $? = 0
configure:5428: cc -o conftest    conftest.c  >&5
configure:5428: $? = 0
configure:5428: ./conftest
configure:5428: $? = 0
configure:5437: cc -o conftest    conftest.c  >&5
configure:5437: $? = 0
configure:5437: ./conftest
configure:5437: $? = 0
configure:6102: result: 4.8.5
configure:6160: checking for C++ compiler vendor
configure:6207: g++ -c   conftest.cpp >&5
conftest.cpp: In function 'int main()':
conftest.cpp:17:9: error: 'thisisanerror' was not declared in this scope
         thisisanerror;
         ^
configure:6207: $? = 1
configure: failed program was:
| /* confdefs.h */
| #define PACKAGE_NAME "QAT"
| #define PACKAGE_TARNAME "qat"
| #define PACKAGE_VERSION "1.7"
| #define PACKAGE_STRING "QAT 1.7"
| #define PACKAGE_BUGREPORT "qat-linux@intel.com"
| #define PACKAGE_URL ""
| #define PACKAGE "qat"
| #define VERSION "1.7"
| /* end confdefs.h.  */
| 
| int
| main ()
| {
| 
|       #if !(defined(__ICC) || defined(__ECC) || defined(__INTEL_COMPILER))
|         thisisanerror;
|       #endif
| 
|   ;
|   return 0;
| }
configure:6207: g++ -c   conftest.cpp >&5
conftest.cpp: In function 'int main()':
conftest.cpp:17:9: error: 'thisisanerror' was not declared in this scope
         thisisanerror;
         ^
configure:6207: $? = 1
configure: failed program was:
| /* confdefs.h */
| #define PACKAGE_NAME "QAT"
| #define PACKAGE_TARNAME "qat"
| #define PACKAGE_VERSION "1.7"
| #define PACKAGE_STRING "QAT 1.7"
| #define PACKAGE_BUGREPORT "qat-linux@intel.com"
| #define PACKAGE_URL ""
| #define PACKAGE "qat"
| #define VERSION "1.7"
| /* end confdefs.h.  */
| 
| int
| main ()
| {
| 
|       #if !(defined(__xlc__) || defined(__xlC__) || defined(__IBMC__) || defined(__IBMCPP__))
|         thisisanerror;
|       #endif
| 
|   ;
|   return 0;
| }
configure:6207: g++ -c   conftest.cpp >&5
conftest.cpp: In function 'int main()':
conftest.cpp:17:9: error: 'thisisanerror' was not declared in this scope
         thisisanerror;
         ^
configure:6207: $? = 1
configure: failed program was:
| /* confdefs.h */
| #define PACKAGE_NAME "QAT"
| #define PACKAGE_TARNAME "qat"
| #define PACKAGE_VERSION "1.7"
| #define PACKAGE_STRING "QAT 1.7"
| #define PACKAGE_BUGREPORT "qat-linux@intel.com"
| #define PACKAGE_URL ""
| #define PACKAGE "qat"
| #define VERSION "1.7"
| /* end confdefs.h.  */
| 
| int
| main ()
| {
| 
|       #if !(defined(__PATHCC__) || defined(__PATHSCALE__))
|         thisisanerror;
|       #endif
| 
|   ;
|   return 0;
| }
configure:6207: g++ -c   conftest.cpp >&5
conftest.cpp: In function 'int main()':
conftest.cpp:17:9: error: 'thisisanerror' was not declared in this scope
         thisisanerror;
         ^
configure:6207: $? = 1
configure: failed program was:
| /* confdefs.h */
| #define PACKAGE_NAME "QAT"
| #define PACKAGE_TARNAME "qat"
| #define PACKAGE_VERSION "1.7"
| #define PACKAGE_STRING "QAT 1.7"
| #define PACKAGE_BUGREPORT "qat-linux@intel.com"
| #define PACKAGE_URL ""
| #define PACKAGE "qat"
| #define VERSION "1.7"
| /* end confdefs.h.  */
| 
| int
| main ()
| {
| 
|       #if !(defined(__clang__))
|         thisisanerror;
|       #endif
| 
|   ;
|   return 0;
| }
configure:6207: g++ -c   conftest.cpp >&5
conftest.cpp: In function 'int main()':
conftest.cpp:17:9: error: 'thisisanerror' was not declared in this scope
         thisisanerror;
         ^
configure:6207: $? = 1
configure: failed program was:
| /* confdefs.h */
| #define PACKAGE_NAME "QAT"
| #define PACKAGE_TARNAME "qat"
| #define PACKAGE_VERSION "1.7"
| #define PACKAGE_STRING "QAT 1.7"
| #define PACKAGE_BUGREPORT "qat-linux@intel.com"
| #define PACKAGE_URL ""
| #define PACKAGE "qat"
| #define VERSION "1.7"
| /* end confdefs.h.  */
| 
| int
| main ()
| {
| 
|       #if !(defined(_CRAYC))
|         thisisanerror;
|       #endif
| 
|   ;
|   return 0;
| }
configure:6207: g++ -c   conftest.cpp >&5
conftest.cpp: In function 'int main()':
conftest.cpp:17:9: error: 'thisisanerror' was not declared in this scope
         thisisanerror;
         ^
configure:6207: $? = 1
configure: failed program was:
| /* confdefs.h */
| #define PACKAGE_NAME "QAT"
| #define PACKAGE_TARNAME "qat"
| #define PACKAGE_VERSION "1.7"
| #define PACKAGE_STRING "QAT 1.7"
| #define PACKAGE_BUGREPORT "qat-linux@intel.com"
| #define PACKAGE_URL ""
| #define PACKAGE "qat"
| #define VERSION "1.7"
| /* end confdefs.h.  */
| 
| int
| main ()
| {
| 
|       #if !(defined(__FUJITSU))
|         thisisanerror;
|       #endif
| 
|   ;
|   return 0;
| }
configure:6207: g++ -c   conftest.cpp >&5
configure:6207: $? = 0
configure:6215: result: gnu
configure:6220: checking for C++ compiler version
configure:6442: g++ -o conftest    conftest.cpp  >&5
configure:6442: $? = 0
configure:6442: ./conftest
configure:6442: $? = 0
configure:6451: g++ -o conftest    conftest.cpp  >&5
configure:6451: $? = 0
configure:6451: ./conftest
configure:6451: $? = 0
configure:6460: g++ -o conftest    conftest.cpp  >&5
configure:6460: $? = 0
configure:6460: ./conftest
configure:6460: $? = 0
configure:7125: result: 4.8.5
configure:7185: checking how to run the C preprocessor
configure:7216: cc -E  conftest.c
configure:7216: $? = 0
configure:7230: cc -E  conftest.c
conftest.c:11:28: fatal error: ac_nonexistent.h: No such file or directory
 #include <ac_nonexistent.h>
                            ^
compilation terminated.
configure:7230: $? = 1
configure: failed program was:
| /* confdefs.h */
| #define PACKAGE_NAME "QAT"
| #define PACKAGE_TARNAME "qat"
| #define PACKAGE_VERSION "1.7"
| #define PACKAGE_STRING "QAT 1.7"
| #define PACKAGE_BUGREPORT "qat-linux@intel.com"
| #define PACKAGE_URL ""
| #define PACKAGE "qat"
| #define VERSION "1.7"
| /* end confdefs.h.  */
| #include <ac_nonexistent.h>
configure:7255: result: cc -E
configure:7275: cc -E  conftest.c
configure:7275: $? = 0
configure:7289: cc -E  conftest.c
conftest.c:11:28: fatal error: ac_nonexistent.h: No such file or directory
 #include <ac_nonexistent.h>
                            ^
compilation terminated.
configure:7289: $? = 1
configure: failed program was:
| /* confdefs.h */
| #define PACKAGE_NAME "QAT"
| #define PACKAGE_TARNAME "qat"
| #define PACKAGE_VERSION "1.7"
| #define PACKAGE_STRING "QAT 1.7"
| #define PACKAGE_BUGREPORT "qat-linux@intel.com"
| #define PACKAGE_URL ""
| #define PACKAGE "qat"
| #define VERSION "1.7"
| /* end confdefs.h.  */
| #include <ac_nonexistent.h>
configure:7318: checking for grep that handles long lines and -e
configure:7376: result: /usr/bin/grep
configure:7381: checking for egrep
configure:7443: result: /usr/bin/grep -E
configure:7448: checking for ANSI C header files
configure:7468: cc -c   conftest.c >&5
configure:7468: $? = 0
configure:7541: cc -o conftest    conftest.c  >&5
configure:7541: $? = 0
configure:7541: ./conftest
configure:7541: $? = 0
configure:7552: result: yes
configure:7565: checking for sys/types.h
configure:7565: cc -c   conftest.c >&5
configure:7565: $? = 0
configure:7565: result: yes
configure:7565: checking for sys/stat.h
configure:7565: cc -c   conftest.c >&5
configure:7565: $? = 0
configure:7565: result: yes
configure:7565: checking for stdlib.h
configure:7565: cc -c   conftest.c >&5
configure:7565: $? = 0
configure:7565: result: yes
configure:7565: checking for string.h
configure:7565: cc -c   conftest.c >&5
configure:7565: $? = 0
configure:7565: result: yes
configure:7565: checking for memory.h
configure:7565: cc -c   conftest.c >&5
configure:7565: $? = 0
configure:7565: result: yes
configure:7565: checking for strings.h
configure:7565: cc -c   conftest.c >&5
configure:7565: $? = 0
configure:7565: result: yes
configure:7565: checking for inttypes.h
configure:7565: cc -c   conftest.c >&5
configure:7565: $? = 0
configure:7565: result: yes
configure:7565: checking for stdint.h
configure:7565: cc -c   conftest.c >&5
configure:7565: $? = 0
configure:7565: result: yes
configure:7565: checking for unistd.h
configure:7565: cc -c   conftest.c >&5
configure:7565: $? = 0
configure:7565: result: yes
configure:7577: checking libudev.h usability
configure:7577: cc -c   conftest.c >&5
configure:7577: $? = 0
configure:7577: result: yes
configure:7577: checking libudev.h presence
configure:7577: cc -E  conftest.c
configure:7577: $? = 0
configure:7577: result: yes
configure:7577: checking for libudev.h
configure:7577: result: yes
configure:7590: checking for libudev
configure:7597: $PKG_CONFIG --exists --print-errors "libudev >= $LIB_UDEV_VER_REQ"
configure:7600: $? = 0
configure:7614: $PKG_CONFIG --exists --print-errors "libudev >= $LIB_UDEV_VER_REQ"
configure:7617: $? = 0
configure:7663: result: yes
configure:7673: checking fcntl.h usability
configure:7673: cc -c   conftest.c >&5
configure:7673: $? = 0
configure:7673: result: yes
configure:7673: checking fcntl.h presence
configure:7673: cc -E  conftest.c
configure:7673: $? = 0
configure:7673: result: yes
configure:7673: checking for fcntl.h
configure:7673: result: yes
configure:7673: checking limits.h usability
configure:7673: cc -c   conftest.c >&5
configure:7673: $? = 0
configure:7673: result: yes
configure:7673: checking limits.h presence
configure:7673: cc -E  conftest.c
configure:7673: $? = 0
configure:7673: result: yes
configure:7673: checking for limits.h
configure:7673: result: yes
configure:7673: checking stddef.h usability
configure:7673: cc -c   conftest.c >&5
configure:7673: $? = 0
configure:7673: result: yes
configure:7673: checking stddef.h presence
configure:7673: cc -E  conftest.c
configure:7673: $? = 0
configure:7673: result: yes
configure:7673: checking for stddef.h
configure:7673: result: yes
configure:7673: checking for stdint.h
configure:7673: result: yes
configure:7673: checking for stdlib.h
configure:7673: result: yes
configure:7673: checking for string.h
configure:7673: result: yes
configure:7673: checking sys/ioctl.h usability
configure:7673: cc -c   conftest.c >&5
configure:7673: $? = 0
configure:7673: result: yes
configure:7673: checking sys/ioctl.h presence
configure:7673: cc -E  conftest.c
configure:7673: $? = 0
configure:7673: result: yes
configure:7673: checking for sys/ioctl.h
configure:7673: result: yes
configure:7673: checking sys/param.h usability
configure:7673: cc -c   conftest.c >&5
configure:7673: $? = 0
configure:7673: result: yes
configure:7673: checking sys/param.h presence
configure:7673: cc -E  conftest.c
configure:7673: $? = 0
configure:7673: result: yes
configure:7673: checking for sys/param.h
configure:7673: result: yes
configure:7673: checking sys/time.h usability
configure:7673: cc -c   conftest.c >&5
configure:7673: $? = 0
configure:7673: result: yes
configure:7673: checking sys/time.h presence
configure:7673: cc -E  conftest.c
configure:7673: $? = 0
configure:7673: result: yes
configure:7673: checking for sys/time.h
configure:7673: result: yes
configure:7673: checking syslog.h usability
configure:7673: cc -c   conftest.c >&5
configure:7673: $? = 0
configure:7673: result: yes
configure:7673: checking syslog.h presence
configure:7673: cc -E  conftest.c
configure:7673: $? = 0
configure:7673: result: yes
configure:7673: checking for syslog.h
configure:7673: result: yes
configure:7673: checking for unistd.h
configure:7673: result: yes
configure:7673: checking utmpx.h usability
configure:7673: cc -c   conftest.c >&5
configure:7673: $? = 0
configure:7673: result: yes
configure:7673: checking utmpx.h presence
configure:7673: cc -E  conftest.c
configure:7673: $? = 0
configure:7673: result: yes
configure:7673: checking for utmpx.h
configure:7673: result: yes
configure:7685: checking for stdbool.h that conforms to C99
configure:7752: cc -c   conftest.c >&5
configure:7752: $? = 0
configure:7759: result: yes
configure:7761: checking for _Bool
configure:7761: cc -c   conftest.c >&5
configure:7761: $? = 0
configure:7761: cc -c   conftest.c >&5
conftest.c: In function 'main':
conftest.c:69:20: error: expected expression before ')' token
 if (sizeof ((_Bool)))
                    ^
configure:7761: $? = 1
configure: failed program was:
| /* confdefs.h */
| #define PACKAGE_NAME "QAT"
| #define PACKAGE_TARNAME "qat"
| #define PACKAGE_VERSION "1.7"
| #define PACKAGE_STRING "QAT 1.7"
| #define PACKAGE_BUGREPORT "qat-linux@intel.com"
| #define PACKAGE_URL ""
| #define PACKAGE "qat"
| #define VERSION "1.7"
| #define STDC_HEADERS 1
| #define HAVE_SYS_TYPES_H 1
| #define HAVE_SYS_STAT_H 1
| #define HAVE_STDLIB_H 1
| #define HAVE_STRING_H 1
| #define HAVE_MEMORY_H 1
| #define HAVE_STRINGS_H 1
| #define HAVE_INTTYPES_H 1
| #define HAVE_STDINT_H 1
| #define HAVE_UNISTD_H 1
| #define HAVE_FCNTL_H 1
| #define HAVE_LIMITS_H 1
| #define HAVE_STDDEF_H 1
| #define HAVE_STDINT_H 1
| #define HAVE_STDLIB_H 1
| #define HAVE_STRING_H 1
| #define HAVE_SYS_IOCTL_H 1
| #define HAVE_SYS_PARAM_H 1
| #define HAVE_SYS_TIME_H 1
| #define HAVE_SYSLOG_H 1
| #define HAVE_UNISTD_H 1
| #define HAVE_UTMPX_H 1
| /* end confdefs.h.  */
| #include <stdio.h>
| #ifdef HAVE_SYS_TYPES_H
| # include <sys/types.h>
| #endif
| #ifdef HAVE_SYS_STAT_H
| # include <sys/stat.h>
| #endif
| #ifdef STDC_HEADERS
| # include <stdlib.h>
| # include <stddef.h>
| #else
| # ifdef HAVE_STDLIB_H
| #  include <stdlib.h>
| # endif
| #endif
| #ifdef HAVE_STRING_H
| # if !defined STDC_HEADERS && defined HAVE_MEMORY_H
| #  include <memory.h>
| # endif
| # include <string.h>
| #endif
| #ifdef HAVE_STRINGS_H
| # include <strings.h>
| #endif
| #ifdef HAVE_INTTYPES_H
| # include <inttypes.h>
| #endif
| #ifdef HAVE_STDINT_H
| # include <stdint.h>
| #endif
| #ifdef HAVE_UNISTD_H
| # include <unistd.h>
| #endif
| int
| main ()
| {
| if (sizeof ((_Bool)))
| 	    return 0;
|   ;
|   return 0;
| }
configure:7761: result: yes
configure:7772: checking for inline
configure:7788: cc -c   conftest.c >&5
configure:7788: $? = 0
configure:7796: result: inline
configure:7814: checking for int16_t
configure:7814: cc -c   conftest.c >&5
configure:7814: $? = 0
configure:7814: cc -c   conftest.c >&5
conftest.c: In function 'main':
conftest.c:71:12: error: size of array 'test_array' is negative
 static int test_array [1 - 2 * !((int16_t) (((((int16_t) 1 << N) << N) - 1) * 2 + 1)
            ^
configure:7814: $? = 1
configure: failed program was:
| /* confdefs.h */
| #define PACKAGE_NAME "QAT"
| #define PACKAGE_TARNAME "qat"
| #define PACKAGE_VERSION "1.7"
| #define PACKAGE_STRING "QAT 1.7"
| #define PACKAGE_BUGREPORT "qat-linux@intel.com"
| #define PACKAGE_URL ""
| #define PACKAGE "qat"
| #define VERSION "1.7"
| #define STDC_HEADERS 1
| #define HAVE_SYS_TYPES_H 1
| #define HAVE_SYS_STAT_H 1
| #define HAVE_STDLIB_H 1
| #define HAVE_STRING_H 1
| #define HAVE_MEMORY_H 1
| #define HAVE_STRINGS_H 1
| #define HAVE_INTTYPES_H 1
| #define HAVE_STDINT_H 1
| #define HAVE_UNISTD_H 1
| #define HAVE_FCNTL_H 1
| #define HAVE_LIMITS_H 1
| #define HAVE_STDDEF_H 1
| #define HAVE_STDINT_H 1
| #define HAVE_STDLIB_H 1
| #define HAVE_STRING_H 1
| #define HAVE_SYS_IOCTL_H 1
| #define HAVE_SYS_PARAM_H 1
| #define HAVE_SYS_TIME_H 1
| #define HAVE_SYSLOG_H 1
| #define HAVE_UNISTD_H 1
| #define HAVE_UTMPX_H 1
| #define HAVE__BOOL 1
| /* end confdefs.h.  */
| #include <stdio.h>
| #ifdef HAVE_SYS_TYPES_H
| # include <sys/types.h>
| #endif
| #ifdef HAVE_SYS_STAT_H
| # include <sys/stat.h>
| #endif
| #ifdef STDC_HEADERS
| # include <stdlib.h>
| # include <stddef.h>
| #else
| # ifdef HAVE_STDLIB_H
| #  include <stdlib.h>
| # endif
| #endif
| #ifdef HAVE_STRING_H
| # if !defined STDC_HEADERS && defined HAVE_MEMORY_H
| #  include <memory.h>
| # endif
| # include <string.h>
| #endif
| #ifdef HAVE_STRINGS_H
| # include <strings.h>
| #endif
| #ifdef HAVE_INTTYPES_H
| # include <inttypes.h>
| #endif
| #ifdef HAVE_STDINT_H
| # include <stdint.h>
| #endif
| #ifdef HAVE_UNISTD_H
| # include <unistd.h>
| #endif
| 	        enum { N = 16 / 2 - 1 };
| int
| main ()
| {
| static int test_array [1 - 2 * !((int16_t) (((((int16_t) 1 << N) << N) - 1) * 2 + 1)
| 		 < (int16_t) (((((int16_t) 1 << N) << N) - 1) * 2 + 2))];
| test_array [0] = 0;
| return test_array [0];
| 
|   ;
|   return 0;
| }
configure:7814: result: yes
configure:7825: checking for int32_t
configure:7825: cc -c   conftest.c >&5
configure:7825: $? = 0
configure:7825: cc -c   conftest.c >&5
conftest.c: In function 'main':
conftest.c:72:53: warning: integer overflow in expression [-Woverflow]
    < (int32_t) (((((int32_t) 1 << N) << N) - 1) * 2 + 2))];
                                                     ^
conftest.c:71:12: error: storage size of 'test_array' isn't constant
 static int test_array [1 - 2 * !((int32_t) (((((int32_t) 1 << N) << N) - 1) * 2 + 1)
            ^
configure:7825: $? = 1
configure: failed program was:
| /* confdefs.h */
| #define PACKAGE_NAME "QAT"
| #define PACKAGE_TARNAME "qat"
| #define PACKAGE_VERSION "1.7"
| #define PACKAGE_STRING "QAT 1.7"
| #define PACKAGE_BUGREPORT "qat-linux@intel.com"
| #define PACKAGE_URL ""
| #define PACKAGE "qat"
| #define VERSION "1.7"
| #define STDC_HEADERS 1
| #define HAVE_SYS_TYPES_H 1
| #define HAVE_SYS_STAT_H 1
| #define HAVE_STDLIB_H 1
| #define HAVE_STRING_H 1
| #define HAVE_MEMORY_H 1
| #define HAVE_STRINGS_H 1
| #define HAVE_INTTYPES_H 1
| #define HAVE_STDINT_H 1
| #define HAVE_UNISTD_H 1
| #define HAVE_FCNTL_H 1
| #define HAVE_LIMITS_H 1
| #define HAVE_STDDEF_H 1
| #define HAVE_STDINT_H 1
| #define HAVE_STDLIB_H 1
| #define HAVE_STRING_H 1
| #define HAVE_SYS_IOCTL_H 1
| #define HAVE_SYS_PARAM_H 1
| #define HAVE_SYS_TIME_H 1
| #define HAVE_SYSLOG_H 1
| #define HAVE_UNISTD_H 1
| #define HAVE_UTMPX_H 1
| #define HAVE__BOOL 1
| /* end confdefs.h.  */
| #include <stdio.h>
| #ifdef HAVE_SYS_TYPES_H
| # include <sys/types.h>
| #endif
| #ifdef HAVE_SYS_STAT_H
| # include <sys/stat.h>
| #endif
| #ifdef STDC_HEADERS
| # include <stdlib.h>
| # include <stddef.h>
| #else
| # ifdef HAVE_STDLIB_H
| #  include <stdlib.h>
| # endif
| #endif
| #ifdef HAVE_STRING_H
| # if !defined STDC_HEADERS && defined HAVE_MEMORY_H
| #  include <memory.h>
| # endif
| # include <string.h>
| #endif
| #ifdef HAVE_STRINGS_H
| # include <strings.h>
| #endif
| #ifdef HAVE_INTTYPES_H
| # include <inttypes.h>
| #endif
| #ifdef HAVE_STDINT_H
| # include <stdint.h>
| #endif
| #ifdef HAVE_UNISTD_H
| # include <unistd.h>
| #endif
| 	        enum { N = 32 / 2 - 1 };
| int
| main ()
| {
| static int test_array [1 - 2 * !((int32_t) (((((int32_t) 1 << N) << N) - 1) * 2 + 1)
| 		 < (int32_t) (((((int32_t) 1 << N) << N) - 1) * 2 + 2))];
| test_array [0] = 0;
| return test_array [0];
| 
|   ;
|   return 0;
| }
configure:7825: result: yes
configure:7836: checking for int64_t
configure:7836: cc -c   conftest.c >&5
configure:7836: $? = 0
configure:7836: cc -c   conftest.c >&5
conftest.c: In function 'main':
conftest.c:72:53: warning: integer overflow in expression [-Woverflow]
    < (int64_t) (((((int64_t) 1 << N) << N) - 1) * 2 + 2))];
                                                     ^
conftest.c:71:12: error: storage size of 'test_array' isn't constant
 static int test_array [1 - 2 * !((int64_t) (((((int64_t) 1 << N) << N) - 1) * 2 + 1)
            ^
configure:7836: $? = 1
configure: failed program was:
| /* confdefs.h */
| #define PACKAGE_NAME "QAT"
| #define PACKAGE_TARNAME "qat"
| #define PACKAGE_VERSION "1.7"
| #define PACKAGE_STRING "QAT 1.7"
| #define PACKAGE_BUGREPORT "qat-linux@intel.com"
| #define PACKAGE_URL ""
| #define PACKAGE "qat"
| #define VERSION "1.7"
| #define STDC_HEADERS 1
| #define HAVE_SYS_TYPES_H 1
| #define HAVE_SYS_STAT_H 1
| #define HAVE_STDLIB_H 1
| #define HAVE_STRING_H 1
| #define HAVE_MEMORY_H 1
| #define HAVE_STRINGS_H 1
| #define HAVE_INTTYPES_H 1
| #define HAVE_STDINT_H 1
| #define HAVE_UNISTD_H 1
| #define HAVE_FCNTL_H 1
| #define HAVE_LIMITS_H 1
| #define HAVE_STDDEF_H 1
| #define HAVE_STDINT_H 1
| #define HAVE_STDLIB_H 1
| #define HAVE_STRING_H 1
| #define HAVE_SYS_IOCTL_H 1
| #define HAVE_SYS_PARAM_H 1
| #define HAVE_SYS_TIME_H 1
| #define HAVE_SYSLOG_H 1
| #define HAVE_UNISTD_H 1
| #define HAVE_UTMPX_H 1
| #define HAVE__BOOL 1
| /* end confdefs.h.  */
| #include <stdio.h>
| #ifdef HAVE_SYS_TYPES_H
| # include <sys/types.h>
| #endif
| #ifdef HAVE_SYS_STAT_H
| # include <sys/stat.h>
| #endif
| #ifdef STDC_HEADERS
| # include <stdlib.h>
| # include <stddef.h>
| #else
| # ifdef HAVE_STDLIB_H
| #  include <stdlib.h>
| # endif
| #endif
| #ifdef HAVE_STRING_H
| # if !defined STDC_HEADERS && defined HAVE_MEMORY_H
| #  include <memory.h>
| # endif
| # include <string.h>
| #endif
| #ifdef HAVE_STRINGS_H
| # include <strings.h>
| #endif
| #ifdef HAVE_INTTYPES_H
| # include <inttypes.h>
| #endif
| #ifdef HAVE_STDINT_H
| # include <stdint.h>
| #endif
| #ifdef HAVE_UNISTD_H
| # include <unistd.h>
| #endif
| 	        enum { N = 64 / 2 - 1 };
| int
| main ()
| {
| static int test_array [1 - 2 * !((int64_t) (((((int64_t) 1 << N) << N) - 1) * 2 + 1)
| 		 < (int64_t) (((((int64_t) 1 << N) << N) - 1) * 2 + 2))];
| test_array [0] = 0;
| return test_array [0];
| 
|   ;
|   return 0;
| }
configure:7836: result: yes
configure:7847: checking for int8_t
configure:7847: cc -c   conftest.c >&5
configure:7847: $? = 0
configure:7847: cc -c   conftest.c >&5
conftest.c: In function 'main':
conftest.c:71:12: error: size of array 'test_array' is negative
 static int test_array [1 - 2 * !((int8_t) (((((int8_t) 1 << N) << N) - 1) * 2 + 1)
            ^
configure:7847: $? = 1
configure: failed program was:
| /* confdefs.h */
| #define PACKAGE_NAME "QAT"
| #define PACKAGE_TARNAME "qat"
| #define PACKAGE_VERSION "1.7"
| #define PACKAGE_STRING "QAT 1.7"
| #define PACKAGE_BUGREPORT "qat-linux@intel.com"
| #define PACKAGE_URL ""
| #define PACKAGE "qat"
| #define VERSION "1.7"
| #define STDC_HEADERS 1
| #define HAVE_SYS_TYPES_H 1
| #define HAVE_SYS_STAT_H 1
| #define HAVE_STDLIB_H 1
| #define HAVE_STRING_H 1
| #define HAVE_MEMORY_H 1
| #define HAVE_STRINGS_H 1
| #define HAVE_INTTYPES_H 1
| #define HAVE_STDINT_H 1
| #define HAVE_UNISTD_H 1
| #define HAVE_FCNTL_H 1
| #define HAVE_LIMITS_H 1
| #define HAVE_STDDEF_H 1
| #define HAVE_STDINT_H 1
| #define HAVE_STDLIB_H 1
| #define HAVE_STRING_H 1
| #define HAVE_SYS_IOCTL_H 1
| #define HAVE_SYS_PARAM_H 1
| #define HAVE_SYS_TIME_H 1
| #define HAVE_SYSLOG_H 1
| #define HAVE_UNISTD_H 1
| #define HAVE_UTMPX_H 1
| #define HAVE__BOOL 1
| /* end confdefs.h.  */
| #include <stdio.h>
| #ifdef HAVE_SYS_TYPES_H
| # include <sys/types.h>
| #endif
| #ifdef HAVE_SYS_STAT_H
| # include <sys/stat.h>
| #endif
| #ifdef STDC_HEADERS
| # include <stdlib.h>
| # include <stddef.h>
| #else
| # ifdef HAVE_STDLIB_H
| #  include <stdlib.h>
| # endif
| #endif
| #ifdef HAVE_STRING_H
| # if !defined STDC_HEADERS && defined HAVE_MEMORY_H
| #  include <memory.h>
| # endif
| # include <string.h>
| #endif
| #ifdef HAVE_STRINGS_H
| # include <strings.h>
| #endif
| #ifdef HAVE_INTTYPES_H
| # include <inttypes.h>
| #endif
| #ifdef HAVE_STDINT_H
| # include <stdint.h>
| #endif
| #ifdef HAVE_UNISTD_H
| # include <unistd.h>
| #endif
| 	        enum { N = 8 / 2 - 1 };
| int
| main ()
| {
| static int test_array [1 - 2 * !((int8_t) (((((int8_t) 1 << N) << N) - 1) * 2 + 1)
| 		 < (int8_t) (((((int8_t) 1 << N) << N) - 1) * 2 + 2))];
| test_array [0] = 0;
| return test_array [0];
| 
|   ;
|   return 0;
| }
configure:7847: result: yes
configure:7858: checking for pid_t
configure:7858: cc -c   conftest.c >&5
configure:7858: $? = 0
configure:7858: cc -c   conftest.c >&5
conftest.c: In function 'main':
conftest.c:70:20: error: expected expression before ')' token
 if (sizeof ((pid_t)))
                    ^
configure:7858: $? = 1
configure: failed program was:
| /* confdefs.h */
| #define PACKAGE_NAME "QAT"
| #define PACKAGE_TARNAME "qat"
| #define PACKAGE_VERSION "1.7"
| #define PACKAGE_STRING "QAT 1.7"
| #define PACKAGE_BUGREPORT "qat-linux@intel.com"
| #define PACKAGE_URL ""
| #define PACKAGE "qat"
| #define VERSION "1.7"
| #define STDC_HEADERS 1
| #define HAVE_SYS_TYPES_H 1
| #define HAVE_SYS_STAT_H 1
| #define HAVE_STDLIB_H 1
| #define HAVE_STRING_H 1
| #define HAVE_MEMORY_H 1
| #define HAVE_STRINGS_H 1
| #define HAVE_INTTYPES_H 1
| #define HAVE_STDINT_H 1
| #define HAVE_UNISTD_H 1
| #define HAVE_FCNTL_H 1
| #define HAVE_LIMITS_H 1
| #define HAVE_STDDEF_H 1
| #define HAVE_STDINT_H 1
| #define HAVE_STDLIB_H 1
| #define HAVE_STRING_H 1
| #define HAVE_SYS_IOCTL_H 1
| #define HAVE_SYS_PARAM_H 1
| #define HAVE_SYS_TIME_H 1
| #define HAVE_SYSLOG_H 1
| #define HAVE_UNISTD_H 1
| #define HAVE_UTMPX_H 1
| #define HAVE__BOOL 1
| /* end confdefs.h.  */
| #include <stdio.h>
| #ifdef HAVE_SYS_TYPES_H
| # include <sys/types.h>
| #endif
| #ifdef HAVE_SYS_STAT_H
| # include <sys/stat.h>
| #endif
| #ifdef STDC_HEADERS
| # include <stdlib.h>
| # include <stddef.h>
| #else
| # ifdef HAVE_STDLIB_H
| #  include <stdlib.h>
| # endif
| #endif
| #ifdef HAVE_STRING_H
| # if !defined STDC_HEADERS && defined HAVE_MEMORY_H
| #  include <memory.h>
| # endif
| # include <string.h>
| #endif
| #ifdef HAVE_STRINGS_H
| # include <strings.h>
| #endif
| #ifdef HAVE_INTTYPES_H
| # include <inttypes.h>
| #endif
| #ifdef HAVE_STDINT_H
| # include <stdint.h>
| #endif
| #ifdef HAVE_UNISTD_H
| # include <unistd.h>
| #endif
| int
| main ()
| {
| if (sizeof ((pid_t)))
| 	    return 0;
|   ;
|   return 0;
| }
configure:7858: result: yes
configure:7869: checking for C/C++ restrict keyword
configure:7894: cc -c   conftest.c >&5
configure:7894: $? = 0
configure:7902: result: __restrict
configure:7915: checking for size_t
configure:7915: cc -c   conftest.c >&5
configure:7915: $? = 0
configure:7915: cc -c   conftest.c >&5
conftest.c: In function 'main':
conftest.c:71:21: error: expected expression before ')' token
 if (sizeof ((size_t)))
                     ^
configure:7915: $? = 1
configure: failed program was:
| /* confdefs.h */
| #define PACKAGE_NAME "QAT"
| #define PACKAGE_TARNAME "qat"
| #define PACKAGE_VERSION "1.7"
| #define PACKAGE_STRING "QAT 1.7"
| #define PACKAGE_BUGREPORT "qat-linux@intel.com"
| #define PACKAGE_URL ""
| #define PACKAGE "qat"
| #define VERSION "1.7"
| #define STDC_HEADERS 1
| #define HAVE_SYS_TYPES_H 1
| #define HAVE_SYS_STAT_H 1
| #define HAVE_STDLIB_H 1
| #define HAVE_STRING_H 1
| #define HAVE_MEMORY_H 1
| #define HAVE_STRINGS_H 1
| #define HAVE_INTTYPES_H 1
| #define HAVE_STDINT_H 1
| #define HAVE_UNISTD_H 1
| #define HAVE_FCNTL_H 1
| #define HAVE_LIMITS_H 1
| #define HAVE_STDDEF_H 1
| #define HAVE_STDINT_H 1
| #define HAVE_STDLIB_H 1
| #define HAVE_STRING_H 1
| #define HAVE_SYS_IOCTL_H 1
| #define HAVE_SYS_PARAM_H 1
| #define HAVE_SYS_TIME_H 1
| #define HAVE_SYSLOG_H 1
| #define HAVE_UNISTD_H 1
| #define HAVE_UTMPX_H 1
| #define HAVE__BOOL 1
| #define restrict __restrict
| /* end confdefs.h.  */
| #include <stdio.h>
| #ifdef HAVE_SYS_TYPES_H
| # include <sys/types.h>
| #endif
| #ifdef HAVE_SYS_STAT_H
| # include <sys/stat.h>
| #endif
| #ifdef STDC_HEADERS
| # include <stdlib.h>
| # include <stddef.h>
| #else
| # ifdef HAVE_STDLIB_H
| #  include <stdlib.h>
| # endif
| #endif
| #ifdef HAVE_STRING_H
| # if !defined STDC_HEADERS && defined HAVE_MEMORY_H
| #  include <memory.h>
| # endif
| # include <string.h>
| #endif
| #ifdef HAVE_STRINGS_H
| # include <strings.h>
| #endif
| #ifdef HAVE_INTTYPES_H
| # include <inttypes.h>
| #endif
| #ifdef HAVE_STDINT_H
| # include <stdint.h>
| #endif
| #ifdef HAVE_UNISTD_H
| # include <unistd.h>
| #endif
| int
| main ()
| {
| if (sizeof ((size_t)))
| 	    return 0;
|   ;
|   return 0;
| }
configure:7915: result: yes
configure:7926: checking for ssize_t
configure:7926: cc -c   conftest.c >&5
configure:7926: $? = 0
configure:7926: cc -c   conftest.c >&5
conftest.c: In function 'main':
conftest.c:71:22: error: expected expression before ')' token
 if (sizeof ((ssize_t)))
                      ^
configure:7926: $? = 1
configure: failed program was:
| /* confdefs.h */
| #define PACKAGE_NAME "QAT"
| #define PACKAGE_TARNAME "qat"
| #define PACKAGE_VERSION "1.7"
| #define PACKAGE_STRING "QAT 1.7"
| #define PACKAGE_BUGREPORT "qat-linux@intel.com"
| #define PACKAGE_URL ""
| #define PACKAGE "qat"
| #define VERSION "1.7"
| #define STDC_HEADERS 1
| #define HAVE_SYS_TYPES_H 1
| #define HAVE_SYS_STAT_H 1
| #define HAVE_STDLIB_H 1
| #define HAVE_STRING_H 1
| #define HAVE_MEMORY_H 1
| #define HAVE_STRINGS_H 1
| #define HAVE_INTTYPES_H 1
| #define HAVE_STDINT_H 1
| #define HAVE_UNISTD_H 1
| #define HAVE_FCNTL_H 1
| #define HAVE_LIMITS_H 1
| #define HAVE_STDDEF_H 1
| #define HAVE_STDINT_H 1
| #define HAVE_STDLIB_H 1
| #define HAVE_STRING_H 1
| #define HAVE_SYS_IOCTL_H 1
| #define HAVE_SYS_PARAM_H 1
| #define HAVE_SYS_TIME_H 1
| #define HAVE_SYSLOG_H 1
| #define HAVE_UNISTD_H 1
| #define HAVE_UTMPX_H 1
| #define HAVE__BOOL 1
| #define restrict __restrict
| /* end confdefs.h.  */
| #include <stdio.h>
| #ifdef HAVE_SYS_TYPES_H
| # include <sys/types.h>
| #endif
| #ifdef HAVE_SYS_STAT_H
| # include <sys/stat.h>
| #endif
| #ifdef STDC_HEADERS
| # include <stdlib.h>
| # include <stddef.h>
| #else
| # ifdef HAVE_STDLIB_H
| #  include <stdlib.h>
| # endif
| #endif
| #ifdef HAVE_STRING_H
| # if !defined STDC_HEADERS && defined HAVE_MEMORY_H
| #  include <memory.h>
| # endif
| # include <string.h>
| #endif
| #ifdef HAVE_STRINGS_H
| # include <strings.h>
| #endif
| #ifdef HAVE_INTTYPES_H
| # include <inttypes.h>
| #endif
| #ifdef HAVE_STDINT_H
| # include <stdint.h>
| #endif
| #ifdef HAVE_UNISTD_H
| # include <unistd.h>
| #endif
| int
| main ()
| {
| if (sizeof ((ssize_t)))
| 	    return 0;
|   ;
|   return 0;
| }
configure:7926: result: yes
configure:7937: checking for uint16_t
configure:7937: cc -c   conftest.c >&5
configure:7937: $? = 0
configure:7937: result: yes
configure:7949: checking for uint32_t
configure:7949: cc -c   conftest.c >&5
configure:7949: $? = 0
configure:7949: result: yes
configure:7963: checking for uint64_t
configure:7963: cc -c   conftest.c >&5
configure:7963: $? = 0
configure:7963: result: yes
configure:7977: checking for uint8_t
configure:7977: cc -c   conftest.c >&5
configure:7977: $? = 0
configure:7977: result: yes
configure:7995: checking for stdlib.h
configure:7995: result: yes
configure:8005: checking for GNU libc compatible malloc
configure:8029: cc -o conftest    conftest.c  >&5
configure:8029: $? = 0
configure:8029: ./conftest
configure:8029: $? = 0
configure:8039: result: yes
configure:8066: checking for stdlib.h
configure:8066: result: yes
configure:8066: checking for unistd.h
configure:8066: result: yes
configure:8066: checking for sys/param.h
configure:8066: result: yes
configure:8086: checking for getpagesize
configure:8086: cc -o conftest    conftest.c  >&5
configure:8086: $? = 0
configure:8086: result: yes
configure:8095: checking for working mmap
configure:8242: cc -o conftest    conftest.c  >&5
configure:8242: $? = 0
configure:8242: ./conftest
configure:8242: $? = 0
configure:8252: result: yes
configure:8264: checking for alarm
configure:8264: cc -o conftest    conftest.c  >&5
configure:8264: $? = 0
configure:8264: result: yes
configure:8264: checking for getpagesize
configure:8264: result: yes
configure:8264: checking for gettimeofday
configure:8264: cc -o conftest    conftest.c  >&5
configure:8264: $? = 0
configure:8264: result: yes
configure:8264: checking for memmove
configure:8264: cc -o conftest    conftest.c  >&5
conftest.c:68:6: warning: conflicting types for built-in function 'memmove' [enabled by default]
 char memmove ();
      ^
configure:8264: $? = 0
configure:8264: result: yes
configure:8264: checking for memset
configure:8264: cc -o conftest    conftest.c  >&5
conftest.c:69:6: warning: conflicting types for built-in function 'memset' [enabled by default]
 char memset ();
      ^
configure:8264: $? = 0
configure:8264: result: yes
configure:8264: checking for mkdir
configure:8264: cc -o conftest    conftest.c  >&5
configure:8264: $? = 0
configure:8264: result: yes
configure:8264: checking for munmap
configure:8264: cc -o conftest    conftest.c  >&5
configure:8264: $? = 0
configure:8264: result: yes
configure:8264: checking for rmdir
configure:8264: cc -o conftest    conftest.c  >&5
configure:8264: $? = 0
configure:8264: result: yes
configure:8264: checking for select
configure:8264: cc -o conftest    conftest.c  >&5
configure:8264: $? = 0
configure:8264: result: yes
configure:8264: checking for strerror
configure:8264: cc -o conftest    conftest.c  >&5
configure:8264: $? = 0
configure:8264: result: yes
configure:8264: checking for strtol
configure:8264: cc -o conftest    conftest.c  >&5
configure:8264: $? = 0
configure:8264: result: yes
configure:8264: checking for strtoul
configure:8264: cc -o conftest    conftest.c  >&5
configure:8264: $? = 0
configure:8264: result: yes
configure:8264: checking for strtoull
configure:8264: cc -o conftest    conftest.c  >&5
configure:8264: $? = 0
configure:8264: result: yes
configure:8337: checking for kernel sources
configure:8340: result: yes
configure:8868: checking that generated files are newer than configure
configure:8874: result: done
configure:8993: creating ./config.status

## ---------------------- ##
## Running config.status. ##
## ---------------------- ##

This file was extended by QAT config.status 1.7, which was
generated by GNU Autoconf 2.69.  Invocation command line was

  CONFIG_FILES    = 
  CONFIG_HEADERS  = 
  CONFIG_LINKS    = 
  CONFIG_COMMANDS = 
  $ ./config.status 

on hpnvme1

config.status:957: creating Makefile
config.status:957: creating config.h
config.status:1138: config.h is unchanged
config.status:1186: executing depfiles commands

## ---------------- ##
## Cache variables. ##
## ---------------- ##

ac_cv_c_compiler_gnu=yes
ac_cv_c_inline=inline
ac_cv_c_int16_t=yes
ac_cv_c_int32_t=yes
ac_cv_c_int64_t=yes
ac_cv_c_int8_t=yes
ac_cv_c_restrict=__restrict
ac_cv_c_uint16_t=yes
ac_cv_c_uint32_t=yes
ac_cv_c_uint64_t=yes
ac_cv_c_uint8_t=yes
ac_cv_cxx_compiler_gnu=yes
ac_cv_env_CCC_set=
ac_cv_env_CCC_value=
ac_cv_env_CC_set=
ac_cv_env_CC_value=
ac_cv_env_CFLAGS_set=
ac_cv_env_CFLAGS_value=
ac_cv_env_CPPFLAGS_set=
ac_cv_env_CPPFLAGS_value=
ac_cv_env_CPP_set=
ac_cv_env_CPP_value=
ac_cv_env_CXXFLAGS_set=
ac_cv_env_CXXFLAGS_value=
ac_cv_env_CXX_set=
ac_cv_env_CXX_value=
ac_cv_env_ICP_BUILDSYSTEM_PATH_set=
ac_cv_env_ICP_BUILDSYSTEM_PATH_value=
ac_cv_env_ICP_BUILD_OUTPUT_set=
ac_cv_env_ICP_BUILD_OUTPUT_value=
ac_cv_env_ICP_ENV_DIR_set=
ac_cv_env_ICP_ENV_DIR_value=
ac_cv_env_ICP_ROOT_set=
ac_cv_env_ICP_ROOT_value=
ac_cv_env_ICP_TOOLS_TARGET_set=
ac_cv_env_ICP_TOOLS_TARGET_value=
ac_cv_env_KERNEL_SOURCE_ROOT_set=
ac_cv_env_KERNEL_SOURCE_ROOT_value=
ac_cv_env_LDFLAGS_set=
ac_cv_env_LDFLAGS_value=
ac_cv_env_LIBS_set=
ac_cv_env_LIBS_value=
ac_cv_env_MAX_MR_set=
ac_cv_env_MAX_MR_value=
ac_cv_env_PKG_CONFIG_LIBDIR_set=
ac_cv_env_PKG_CONFIG_LIBDIR_value=
ac_cv_env_PKG_CONFIG_PATH_set=
ac_cv_env_PKG_CONFIG_PATH_value=
ac_cv_env_PKG_CONFIG_set=
ac_cv_env_PKG_CONFIG_value=
ac_cv_env_build_alias_set=
ac_cv_env_build_alias_value=
ac_cv_env_host_alias_set=
ac_cv_env_host_alias_value=
ac_cv_env_libudev_CFLAGS_set=
ac_cv_env_libudev_CFLAGS_value=
ac_cv_env_libudev_LIBS_set=
ac_cv_env_libudev_LIBS_value=
ac_cv_env_target_alias_set=
ac_cv_env_target_alias_value=
ac_cv_func_alarm=yes
ac_cv_func_getpagesize=yes
ac_cv_func_gettimeofday=yes
ac_cv_func_malloc_0_nonnull=yes
ac_cv_func_memmove=yes
ac_cv_func_memset=yes
ac_cv_func_mkdir=yes
ac_cv_func_mmap_fixed_mapped=yes
ac_cv_func_munmap=yes
ac_cv_func_rmdir=yes
ac_cv_func_select=yes
ac_cv_func_strerror=yes
ac_cv_func_strtol=yes
ac_cv_func_strtoul=yes
ac_cv_func_strtoull=yes
ac_cv_header_fcntl_h=yes
ac_cv_header_inttypes_h=yes
ac_cv_header_libudev_h=yes
ac_cv_header_limits_h=yes
ac_cv_header_memory_h=yes
ac_cv_header_stdbool_h=yes
ac_cv_header_stdc=yes
ac_cv_header_stddef_h=yes
ac_cv_header_stdint_h=yes
ac_cv_header_stdlib_h=yes
ac_cv_header_string_h=yes
ac_cv_header_strings_h=yes
ac_cv_header_sys_ioctl_h=yes
ac_cv_header_sys_param_h=yes
ac_cv_header_sys_stat_h=yes
ac_cv_header_sys_time_h=yes
ac_cv_header_sys_types_h=yes
ac_cv_header_syslog_h=yes
ac_cv_header_unistd_h=yes
ac_cv_header_utmpx_h=yes
ac_cv_objext=o
ac_cv_path_EGREP='/usr/bin/grep -E'
ac_cv_path_GREP=/usr/bin/grep
ac_cv_path_SED=/usr/bin/sed
ac_cv_path_ac_pt_PKG_CONFIG=/usr/bin/pkg-config
ac_cv_path_install='/usr/bin/install -c'
ac_cv_path_mkdir=/usr/bin/mkdir
ac_cv_prog_AWK=gawk
ac_cv_prog_CPP='cc -E'
ac_cv_prog_ac_ct_CC=cc
ac_cv_prog_ac_ct_CXX=g++
ac_cv_prog_cc_c89=
ac_cv_prog_cc_g=yes
ac_cv_prog_cxx_g=yes
ac_cv_prog_make_make_set=yes
ac_cv_type__Bool=yes
ac_cv_type_pid_t=yes
ac_cv_type_size_t=yes
ac_cv_type_ssize_t=yes
am_cv_CC_dependencies_compiler_type=none
am_cv_CXX_dependencies_compiler_type=none
am_cv_make_support_nested_variables=yes
am_cv_prog_cc_c_o=yes
ax_cv_c_compiler_vendor=gnu
ax_cv_c_compiler_version=4.8.5
ax_cv_cxx_compiler_vendor=gnu
ax_cv_cxx_compiler_version=4.8.5
pkg_cv_libudev_CFLAGS=' '
pkg_cv_libudev_LIBS='-ludev  '

## ----------------- ##
## Output variables. ##
## ----------------- ##

ACLOCAL='${SHELL} /root/QAT/missing aclocal-1.15'
AMDEPBACKSLASH='\'
AMDEP_FALSE='#'
AMDEP_TRUE=''
AMTAR='$${TAR-tar}'
AM_BACKSLASH='\'
AM_DEFAULT_V='$(AM_DEFAULT_VERBOSITY)'
AM_DEFAULT_VERBOSITY='1'
AM_V='$(V)'
AUTOCONF='${SHELL} /root/QAT/missing autoconf'
AUTOHEADER='${SHELL} /root/QAT/missing autoheader'
AUTOMAKE='${SHELL} /root/QAT/missing automake-1.15'
AWK='gawk'
CC='cc'
CCDEPMODE='depmode=none'
CFLAGS=''
CPP='cc -E'
CPPFLAGS=''
CXX='g++'
CXXDEPMODE='depmode=none'
CXXFLAGS=''
CYGPATH_W='echo'
DC_ERROR_SIMULATION_AC_FALSE=''
DC_ERROR_SIMULATION_AC_TRUE='#'
DEFS='-DHAVE_CONFIG_H'
DEPDIR='.deps'
DISABLE_STATS_AC_FALSE=''
DISABLE_STATS_AC_TRUE='#'
DRBG_POLL_AND_WAIT_AC_FALSE=''
DRBG_POLL_AND_WAIT_AC_TRUE='#'
ECHO_C=''
ECHO_N='-n'
ECHO_T=''
EGREP='/usr/bin/grep -E'
EXEEXT=''
GCC_VER_REQ='4.4.7'
GREP='/usr/bin/grep'
GXX_VER_REQ='4.4.7'
ICP_BUILDSYSTEM_PATH='/root/QAT/quickassist/build_system'
ICP_BUILD_OUTPUT='/root/QAT/build'
ICP_DC_ONLY_AC_FALSE=''
ICP_DC_ONLY_AC_TRUE='#'
ICP_DC_RETURN_COUNTERS_ON_ERROR_AC_FALSE=''
ICP_DC_RETURN_COUNTERS_ON_ERROR_AC_TRUE='#'
ICP_DC_SYM_ONLY_AC_FALSE=''
ICP_DC_SYM_ONLY_AC_TRUE='#'
ICP_DEBUG_AC_FALSE=''
ICP_DEBUG_AC_TRUE='#'
ICP_DEFENSES_ENABLED_AC_FALSE=''
ICP_DEFENSES_ENABLED_AC_TRUE='#'
ICP_DISABLE_INLINE_AC_FALSE=''
ICP_DISABLE_INLINE_AC_TRUE='#'
ICP_ENV_DIR='/root/QAT/quickassist/build_system/build_files/env_files'
ICP_HB_FAIL_SIM_AC_FALSE=''
ICP_HB_FAIL_SIM_AC_TRUE='#'
ICP_LOG_SYSLOG_AC_FALSE=''
ICP_LOG_SYSLOG_AC_TRUE='#'
ICP_NONBLOCKING_PARTIALS_PERFORM_AC_FALSE=''
ICP_NONBLOCKING_PARTIALS_PERFORM_AC_TRUE='#'
ICP_PARAM_CHECK_AC_FALSE='#'
ICP_PARAM_CHECK_AC_TRUE=''
ICP_ROOT='/root/QAT'
ICP_SRIOV_GUEST_AC_FALSE=''
ICP_SRIOV_GUEST_AC_TRUE='#'
ICP_SRIOV_HOST_AC_FALSE='#'
ICP_SRIOV_HOST_AC_TRUE=''
ICP_TOOLS_TARGET='accelcomp'
ICP_TRACE_AC_FALSE=''
ICP_TRACE_AC_TRUE='#'
INSTALL_DATA='${INSTALL} -m 644'
INSTALL_PROGRAM='${INSTALL}'
INSTALL_SCRIPT='${INSTALL}'
INSTALL_STRIP_PROGRAM='$(install_sh) -c -s'
KAPI_AC_FALSE=''
KAPI_AC_TRUE='#'
KERNEL_SOURCE_ROOT='/lib/modules/3.10.0-862.14.4.el7.x86_64/build'
KPT_AC_FALSE=''
KPT_AC_TRUE='#'
LDFLAGS=''
LIBOBJS=''
LIBS=''
LIB_UDEV_VER_REQ='147'
LIB_UDEV_VER_REQ_STR='1.47'
LN_S='ln -s'
LTLIBOBJS=''
MAINT='#'
MAINTAINER_MODE_FALSE=''
MAINTAINER_MODE_TRUE='#'
MAKEINFO='${SHELL} /root/QAT/missing makeinfo'
MAX_MR='50'
MKDIR_P='/usr/bin/mkdir -p'
OBJEXT='o'
PACKAGE='qat'
PACKAGE_BUGREPORT='qat-linux@intel.com'
PACKAGE_NAME='QAT'
PACKAGE_STRING='QAT 1.7'
PACKAGE_TARNAME='qat'
PACKAGE_URL=''
PACKAGE_VERSION='1.7'
PATH_SEPARATOR=':'
PKG_CONFIG='/usr/bin/pkg-config'
PKG_CONFIG_LIBDIR=''
PKG_CONFIG_PATH=''
QAT_COEXISTENCE_AC_FALSE=''
QAT_COEXISTENCE_AC_TRUE='#'
QAT_DISABLE_DC_STRICT_AC_FALSE=''
QAT_DISABLE_DC_STRICT_AC_TRUE='#'
QAT_DISABLE_LKCF_AC_FALSE=''
QAT_DISABLE_LKCF_AC_TRUE='#'
QAT_UIO_AC_FALSE=''
QAT_UIO_AC_TRUE='#'
SED='/usr/bin/sed'
SET_MAKE=''
SHELL='/bin/sh'
STRIP=''
VERSION='1.7'
ac_ct_CC='cc'
ac_ct_CXX='g++'
am__EXEEXT_FALSE=''
am__EXEEXT_TRUE='#'
am__fastdepCC_FALSE=''
am__fastdepCC_TRUE='#'
am__fastdepCXX_FALSE=''
am__fastdepCXX_TRUE='#'
am__include='include'
am__isrc=''
am__leading_dot='.'
am__nodep='_no'
am__quote=''
am__tar='$${TAR-tar} chof - "$$tardir"'
am__untar='$${TAR-tar} xf -'
bindir='${exec_prefix}/bin'
build_alias=''
datadir='${datarootdir}'
datarootdir='${prefix}/share'
docdir='${datarootdir}/doc/${PACKAGE_TARNAME}'
dvidir='${docdir}'
exec_prefix='${prefix}'
host_alias=''
htmldir='${docdir}'
includedir='${prefix}/include'
infodir='${datarootdir}/info'
install_sh='${SHELL} /root/QAT/install-sh'
libdir='${exec_prefix}/lib'
libexecdir='${exec_prefix}/libexec'
libudev_CFLAGS=' '
libudev_LIBS='-ludev  '
localedir='${datarootdir}/locale'
localstatedir='${prefix}/var'
mandir='${datarootdir}/man'
mkdir_p='$(MKDIR_P)'
oldincludedir='/usr/include'
pdfdir='${docdir}'
prefix='/usr/local'
program_transform_name='s,x,x,'
psdir='${docdir}'
sbindir='${exec_prefix}/sbin'
sharedstatedir='${prefix}/com'
sysconfdir='${prefix}/etc'
target_alias=''

## ----------- ##
## confdefs.h. ##
## ----------- ##

/* confdefs.h */
#define PACKAGE_NAME "QAT"
#define PACKAGE_TARNAME "qat"
#define PACKAGE_VERSION "1.7"
#define PACKAGE_STRING "QAT 1.7"
#define PACKAGE_BUGREPORT "qat-linux@intel.com"
#define PACKAGE_URL ""
#define PACKAGE "qat"
#define VERSION "1.7"
#define STDC_HEADERS 1
#define HAVE_SYS_TYPES_H 1
#define HAVE_SYS_STAT_H 1
#define HAVE_STDLIB_H 1
#define HAVE_STRING_H 1
#define HAVE_MEMORY_H 1
#define HAVE_STRINGS_H 1
#define HAVE_INTTYPES_H 1
#define HAVE_STDINT_H 1
#define HAVE_UNISTD_H 1
#define HAVE_FCNTL_H 1
#define HAVE_LIMITS_H 1
#define HAVE_STDDEF_H 1
#define HAVE_STDINT_H 1
#define HAVE_STDLIB_H 1
#define HAVE_STRING_H 1
#define HAVE_SYS_IOCTL_H 1
#define HAVE_SYS_PARAM_H 1
#define HAVE_SYS_TIME_H 1
#define HAVE_SYSLOG_H 1
#define HAVE_UNISTD_H 1
#define HAVE_UTMPX_H 1
#define HAVE__BOOL 1
#define restrict __restrict
#define HAVE_STDLIB_H 1
#define HAVE_MALLOC 1
#define HAVE_STDLIB_H 1
#define HAVE_UNISTD_H 1
#define HAVE_SYS_PARAM_H 1
#define HAVE_GETPAGESIZE 1
#define HAVE_MMAP 1
#define HAVE_ALARM 1
#define HAVE_GETPAGESIZE 1
#define HAVE_GETTIMEOFDAY 1
#define HAVE_MEMMOVE 1
#define HAVE_MEMSET 1
#define HAVE_MKDIR 1
#define HAVE_MUNMAP 1
#define HAVE_RMDIR 1
#define HAVE_SELECT 1
#define HAVE_STRERROR 1
#define HAVE_STRTOL 1
#define HAVE_STRTOUL 1
#define HAVE_STRTOULL 1

configure: exit 0
